TN:
SF:src\App.vue
FN:354,(anonymous_0)
FN:362,(anonymous_1)
FN:374,(anonymous_2)
FN:378,truncate
FN:383,goToMenu
FN:389,onStoryComplete
FN:394,handleNewGame
FN:400,handleStart
FN:406,handleDecision
FN:417,(anonymous_9)
FN:421,handleMinigameComplete
FN:433,handleRestart
FN:440,(anonymous_12)
FN:440,(anonymous_13)
FN:16,(anonymous_14)
FN:35,(anonymous_15)
FN:38,(anonymous_16)
FN:83,(anonymous_17)
FN:90,(anonymous_18)
FN:91,(anonymous_19)
FN:92,(anonymous_20)
FN:103,(anonymous_21)
FN:132,(anonymous_22)
FN:152,(anonymous_23)
FN:174,(anonymous_24)
FN:193,(anonymous_25)
FN:220,(anonymous_26)
FN:271,(anonymous_27)
FN:279,(anonymous_28)
FN:324,(anonymous_29)
FNF:30
FNH:0
FNDA:0,(anonymous_0)
FNDA:0,(anonymous_1)
FNDA:0,(anonymous_2)
FNDA:0,truncate
FNDA:0,goToMenu
FNDA:0,onStoryComplete
FNDA:0,handleNewGame
FNDA:0,handleStart
FNDA:0,handleDecision
FNDA:0,(anonymous_9)
FNDA:0,handleMinigameComplete
FNDA:0,handleRestart
FNDA:0,(anonymous_12)
FNDA:0,(anonymous_13)
FNDA:0,(anonymous_14)
FNDA:0,(anonymous_15)
FNDA:0,(anonymous_16)
FNDA:0,(anonymous_17)
FNDA:0,(anonymous_18)
FNDA:0,(anonymous_19)
FNDA:0,(anonymous_20)
FNDA:0,(anonymous_21)
FNDA:0,(anonymous_22)
FNDA:0,(anonymous_23)
FNDA:0,(anonymous_24)
FNDA:0,(anonymous_25)
FNDA:0,(anonymous_26)
FNDA:0,(anonymous_27)
FNDA:0,(anonymous_28)
FNDA:0,(anonymous_29)
DA:2,0
DA:5,0
DA:6,0
DA:8,0
DA:16,0
DA:22,0
DA:23,0
DA:25,0
DA:31,0
DA:35,0
DA:38,0
DA:78,0
DA:80,0
DA:81,0
DA:83,0
DA:87,0
DA:89,0
DA:90,0
DA:91,0
DA:92,0
DA:101,0
DA:103,0
DA:106,0
DA:107,0
DA:108,0
DA:110,0
DA:130,0
DA:132,0
DA:135,0
DA:136,0
DA:137,0
DA:150,0
DA:152,0
DA:155,0
DA:156,0
DA:157,0
DA:168,0
DA:171,0
DA:172,0
DA:173,0
DA:174,0
DA:193,0
DA:220,0
DA:231,0
DA:233,0
DA:236,0
DA:247,0
DA:250,0
DA:269,0
DA:271,0
DA:273,0
DA:278,0
DA:284,0
DA:285,0
DA:317,0
DA:323,0
DA:324,0
DA:346,0
DA:347,0
DA:348,0
DA:349,0
DA:350,0
DA:354,0
DA:355,0
DA:356,0
DA:357,0
DA:358,0
DA:362,0
DA:363,0
DA:371,0
DA:374,0
DA:375,0
DA:379,0
DA:380,0
DA:384,0
DA:385,0
DA:386,0
DA:390,0
DA:391,0
DA:395,0
DA:396,0
DA:397,0
DA:401,0
DA:402,0
DA:403,0
DA:407,0
DA:408,0
DA:410,0
DA:411,0
DA:415,0
DA:416,0
DA:417,0
DA:422,0
DA:424,0
DA:425,0
DA:426,0
DA:428,0
DA:430,0
DA:434,0
DA:435,0
DA:436,0
DA:437,0
DA:440,0
DA:441,0
DA:442,0
DA:443,0
DA:444,0
DA:445,0
DA:446,0
LF:109
LH:0
BRDA:355,0,0,0
BRDA:355,0,1,0
BRDA:355,0,2,0
BRDA:371,1,0,0
BRDA:371,1,1,0
BRDA:375,2,0,0
BRDA:375,2,1,0
BRDA:379,3,0,0
BRDA:379,3,1,0
BRDA:380,4,0,0
BRDA:380,4,1,0
BRDA:411,5,0,0
BRDA:411,5,1,0
BRDA:412,6,0,0
BRDA:412,6,1,0
BRDA:415,7,0,0
BRDA:415,7,1,0
BRDA:416,8,0,0
BRDA:416,8,1,0
BRDA:425,9,0,0
BRDA:425,9,1,0
BRDA:441,10,0,0
BRDA:441,10,1,0
BRDA:443,11,0,0
BRDA:443,11,1,0
BRDA:445,12,0,0
BRDA:445,12,1,0
BRDA:445,13,0,0
BRDA:445,13,1,0
BRDA:7,14,0,0
BRDA:7,14,1,0
BRDA:9,15,0,0
BRDA:9,16,0,0
BRDA:9,16,1,0
BRDA:9,16,2,0
BRDA:16,17,0,0
BRDA:16,17,1,0
BRDA:16,18,0,0
BRDA:16,18,1,0
BRDA:17,19,0,0
BRDA:17,19,1,0
BRDA:24,20,0,0
BRDA:24,20,1,0
BRDA:26,21,0,0
BRDA:26,21,1,0
BRDA:35,22,0,0
BRDA:35,22,1,0
BRDA:38,23,0,0
BRDA:38,23,1,0
BRDA:42,24,0,0
BRDA:42,24,1,0
BRDA:48,25,0,0
BRDA:48,25,1,0
BRDA:77,26,0,0
BRDA:77,26,1,0
BRDA:79,27,0,0
BRDA:79,27,1,0
BRDA:82,28,0,0
BRDA:82,28,1,0
BRDA:83,29,0,0
BRDA:83,29,1,0
BRDA:83,30,0,0
BRDA:83,30,1,0
BRDA:84,31,0,0
BRDA:84,31,1,0
BRDA:88,32,0,0
BRDA:88,32,1,0
BRDA:90,33,0,0
BRDA:90,33,1,0
BRDA:91,34,0,0
BRDA:91,34,1,0
BRDA:92,35,0,0
BRDA:92,35,1,0
BRDA:100,36,0,0
BRDA:100,36,1,0
BRDA:103,37,0,0
BRDA:103,37,1,0
BRDA:109,38,0,0
BRDA:109,38,1,0
BRDA:112,39,0,0
BRDA:112,40,0,0
BRDA:112,40,1,0
BRDA:129,41,0,0
BRDA:129,41,1,0
BRDA:131,42,0,0
BRDA:131,42,1,0
BRDA:140,43,0,0
BRDA:140,44,0,0
BRDA:140,44,1,0
BRDA:149,45,0,0
BRDA:149,45,1,0
BRDA:151,46,0,0
BRDA:151,46,1,0
BRDA:159,47,0,0
BRDA:159,47,1,0
BRDA:161,48,0,0
BRDA:161,48,1,0
BRDA:167,49,0,0
BRDA:167,49,1,0
BRDA:169,50,0,0
BRDA:169,50,1,0
BRDA:174,51,0,0
BRDA:174,51,1,0
BRDA:181,52,0,0
BRDA:181,52,1,0
BRDA:184,53,0,0
BRDA:184,53,1,0
BRDA:190,54,0,0
BRDA:190,54,1,0
BRDA:193,55,0,0
BRDA:193,55,1,0
BRDA:201,56,0,0
BRDA:201,56,1,0
BRDA:206,57,0,0
BRDA:206,57,1,0
BRDA:211,58,0,0
BRDA:211,58,1,0
BRDA:216,59,0,0
BRDA:216,59,1,0
BRDA:220,60,0,0
BRDA:220,60,1,0
BRDA:230,61,0,0
BRDA:230,61,1,0
BRDA:232,62,0,0
BRDA:232,62,1,0
BRDA:234,63,0,0
BRDA:234,63,1,0
BRDA:246,64,0,0
BRDA:248,65,0,0
BRDA:248,65,1,0
BRDA:249,66,0,0
BRDA:249,66,1,0
BRDA:268,67,0,0
BRDA:268,68,0,0
BRDA:268,68,1,0
BRDA:268,68,2,0
BRDA:268,68,3,0
BRDA:270,69,0,0
BRDA:270,69,1,0
BRDA:271,70,0,0
BRDA:271,70,1,0
BRDA:274,71,0,0
BRDA:274,71,1,0
BRDA:276,72,0,0
BRDA:276,72,1,0
BRDA:286,73,0,0
BRDA:286,74,0,0
BRDA:286,74,1,0
BRDA:289,75,0,0
BRDA:292,76,0,0
BRDA:295,77,0,0
BRDA:296,78,0,0
BRDA:296,79,0,0
BRDA:296,79,1,0
BRDA:297,80,0,0
BRDA:297,80,1,0
BRDA:299,81,0,0
BRDA:299,82,0,0
BRDA:299,82,1,0
BRDA:300,83,0,0
BRDA:300,83,1,0
BRDA:302,84,0,0
BRDA:302,85,0,0
BRDA:302,85,1,0
BRDA:303,86,0,0
BRDA:303,86,1,0
BRDA:305,87,0,0
BRDA:305,88,0,0
BRDA:305,88,1,0
BRDA:306,89,0,0
BRDA:306,89,1,0
BRDA:316,90,0,0
BRDA:316,91,0,0
BRDA:316,91,1,0
BRDA:316,91,2,0
BRDA:324,92,0,0
BRDA:324,92,1,0
BRF:177
BRH:0
end_of_record
TN:
SF:src\components\DecisionButtons.vue
FN:21,decisionClass
FN:4,(anonymous_1)
FN:8,(anonymous_2)
FNF:3
FNH:0
FNDA:0,decisionClass
FNDA:0,(anonymous_1)
FNDA:0,(anonymous_2)
DA:2,0
DA:3,0
DA:8,0
DA:22,0
DA:23,0
DA:24,0
LF:6
LH:0
BRDA:22,0,0,0
BRDA:22,0,1,0
BRDA:23,1,0,0
BRDA:23,1,1,0
BRDA:23,2,0,0
BRDA:23,2,1,0
BRDA:23,2,2,0
BRF:7
BRH:0
end_of_record
TN:
SF:src\components\PixelBackground.vue
FN:20,(anonymous_0)
FNF:1
FNH:0
FNDA:0,(anonymous_0)
DA:2,0
DA:13,0
DA:20,0
LF:3
LH:0
BRF:0
BRH:0
end_of_record
TN:
SF:src\components\SceneArt.vue
FN:31,(anonymous_0)
FN:35,(anonymous_1)
FNF:2
FNH:0
FNDA:0,(anonymous_0)
FNDA:0,(anonymous_1)
DA:2,0
DA:11,0
DA:20,0
DA:31,0
DA:33,0
DA:35,0
DA:36,0
DA:37,0
DA:38,0
DA:39,0
DA:41,0
LF:11
LH:0
BRDA:36,0,0,0
BRDA:36,0,1,0
BRDA:39,1,0,0
BRDA:39,1,1,0
BRDA:3,2,0,0
BRDA:3,2,1,0
BRDA:5,3,0,0
BRDA:5,3,1,0
BRF:8
BRH:0
end_of_record
TN:
SF:src\components\StatBar.vue
FN:28,(anonymous_0)
FN:32,(anonymous_1)
FNF:2
FNH:0
FNDA:0,(anonymous_0)
FNDA:0,(anonymous_1)
DA:2,0
DA:3,0
DA:4,0
DA:5,0
DA:7,0
DA:14,0
DA:21,0
DA:28,0
DA:29,0
DA:32,0
DA:33,0
DA:34,0
DA:35,0
DA:36,0
LF:14
LH:0
BRDA:33,0,0,0
BRDA:33,0,1,0
BRDA:34,1,0,0
BRDA:34,1,1,0
BRDA:35,2,0,0
BRDA:35,2,1,0
BRF:6
BRH:0
end_of_record
TN:
SF:src\components\StoryText.vue
FN:29,start
FN:38,(anonymous_1)
FN:49,skip
FN:55,stop
FN:63,handleClick
FN:72,(anonymous_5)
FN:72,(anonymous_6)
FN:78,(anonymous_7)
FN:84,(anonymous_8)
FNF:9
FNH:0
FNDA:0,start
FNDA:0,(anonymous_1)
FNDA:0,skip
FNDA:0,stop
FNDA:0,handleClick
FNDA:0,(anonymous_5)
FNDA:0,(anonymous_6)
FNDA:0,(anonymous_7)
FNDA:0,(anonymous_8)
DA:2,0
DA:3,0
DA:16,0
DA:21,0
DA:23,0
DA:24,0
DA:25,0
DA:26,0
DA:27,0
DA:30,0
DA:31,0
DA:32,0
DA:33,0
DA:34,0
DA:36,0
DA:38,0
DA:39,0
DA:40,0
DA:41,0
DA:43,0
DA:44,0
DA:50,0
DA:51,0
DA:52,0
DA:56,0
DA:57,0
DA:58,0
DA:60,0
DA:64,0
DA:65,0
DA:66,0
DA:67,0
DA:68,0
DA:72,0
DA:73,0
DA:74,0
DA:78,0
DA:79,0
DA:80,0
DA:84,0
DA:85,0
DA:88,0
LF:42
LH:0
BRDA:39,0,0,0
BRDA:39,0,1,0
BRDA:56,1,0,0
BRDA:56,1,1,0
BRDA:64,2,0,0
BRDA:64,2,1,0
BRDA:67,3,0,0
BRDA:67,3,1,0
BRDA:73,4,0,0
BRDA:73,4,1,0
BRDA:79,5,0,0
BRDA:79,5,1,0
BRDA:3,6,0,0
BRDA:4,7,0,0
BRDA:4,7,1,0
BRDA:4,8,0,0
BRDA:4,8,1,0
BRDA:7,9,0,0
BRDA:7,10,0,0
BRDA:7,10,1,0
BRF:20
BRH:0
end_of_record
TN:
SF:src\components\minigames\CatchRainGame.vue
FN:66,(anonymous_0)
FN:74,(anonymous_1)
FN:85,(anonymous_2)
FN:86,(anonymous_3)
FN:105,(anonymous_4)
FN:109,(anonymous_5)
FN:119,(anonymous_6)
FN:139,(anonymous_7)
FN:150,(anonymous_8)
FN:157,(anonymous_9)
FN:166,(anonymous_10)
FN:7,(anonymous_11)
FNF:12
FNH:0
FNDA:0,(anonymous_0)
FNDA:0,(anonymous_1)
FNDA:0,(anonymous_2)
FNDA:0,(anonymous_3)
FNDA:0,(anonymous_4)
FNDA:0,(anonymous_5)
FNDA:0,(anonymous_6)
FNDA:0,(anonymous_7)
FNDA:0,(anonymous_8)
FNDA:0,(anonymous_9)
FNDA:0,(anonymous_10)
FNDA:0,(anonymous_11)
DA:2,0
DA:6,0
DA:28,0
DA:34,0
DA:52,0
DA:53,0
DA:55,0
DA:56,0
DA:57,0
DA:58,0
DA:59,0
DA:60,0
DA:61,0
DA:62,0
DA:63,0
DA:64,0
DA:66,0
DA:67,0
DA:68,0
DA:69,0
DA:70,0
DA:74,0
DA:75,0
DA:76,0
DA:85,0
DA:86,0
DA:87,0
DA:89,0
DA:90,0
DA:91,0
DA:92,0
DA:94,0
DA:95,0
DA:96,0
DA:97,0
DA:101,0
DA:105,0
DA:106,0
DA:109,0
DA:110,0
DA:112,0
DA:113,0
DA:114,0
DA:115,0
DA:119,0
DA:121,0
DA:123,0
DA:125,0
DA:127,0
DA:131,0
DA:133,0
DA:134,0
DA:137,0
DA:139,0
DA:141,0
DA:142,0
DA:143,0
DA:150,0
DA:151,0
DA:157,0
DA:159,0
DA:161,0
DA:163,0
DA:166,0
DA:168,0
DA:170,0
DA:172,0
LF:67
LH:0
BRDA:67,0,0,0
BRDA:67,0,1,0
BRDA:75,1,0,0
BRDA:75,1,1,0
BRDA:75,2,0,0
BRDA:75,2,1,0
BRDA:89,3,0,0
BRDA:89,3,1,0
BRDA:89,4,0,0
BRDA:89,4,1,0
BRDA:94,5,0,0
BRDA:94,5,1,0
BRDA:106,6,0,0
BRDA:106,6,1,0
BRDA:110,7,0,0
BRDA:110,7,1,0
BRDA:112,8,0,0
BRDA:112,8,1,0
BRDA:112,9,0,0
BRDA:112,9,1,0
BRDA:112,9,2,0
BRDA:114,10,0,0
BRDA:114,10,1,0
BRDA:114,11,0,0
BRDA:114,11,1,0
BRDA:114,11,2,0
BRDA:121,12,0,0
BRDA:121,12,1,0
BRDA:123,13,0,0
BRDA:123,13,1,0
BRDA:137,14,0,0
BRDA:137,14,1,0
BRDA:3,15,0,0
BRDA:3,15,1,0
BRDA:21,16,0,0
BRDA:21,17,0,0
BRDA:21,17,1,0
BRDA:24,18,0,0
BRDA:24,18,1,0
BRDA:39,19,0,0
BRDA:39,20,0,0
BRDA:39,20,1,0
BRF:42
BRH:0
end_of_record
TN:
SF:src\components\minigames\EscapeGame.vue
FN:113,(anonymous_0)
FN:128,(anonymous_1)
FN:135,(anonymous_2)
FN:144,(anonymous_3)
FN:146,(anonymous_4)
FN:197,(anonymous_5)
FN:202,(anonymous_6)
FN:239,(anonymous_7)
FN:255,(anonymous_8)
FN:259,(anonymous_9)
FN:268,(anonymous_10)
FN:22,(anonymous_11)
FN:36,(anonymous_12)
FNF:13
FNH:0
FNDA:0,(anonymous_0)
FNDA:0,(anonymous_1)
FNDA:0,(anonymous_2)
FNDA:0,(anonymous_3)
FNDA:0,(anonymous_4)
FNDA:0,(anonymous_5)
FNDA:0,(anonymous_6)
FNDA:0,(anonymous_7)
FNDA:0,(anonymous_8)
FNDA:0,(anonymous_9)
FNDA:0,(anonymous_10)
FNDA:0,(anonymous_11)
FNDA:0,(anonymous_12)
DA:2,0
DA:8,0
DA:21,0
DA:22,0
DA:35,0
DA:60,0
DA:92,0
DA:94,0
DA:96,0
DA:97,0
DA:99,0
DA:101,0
DA:103,0
DA:105,0
DA:107,0
DA:109,0
DA:110,0
DA:111,0
DA:113,0
DA:115,0
DA:117,0
DA:128,0
DA:130,0
DA:132,0
DA:133,0
DA:135,0
DA:137,0
DA:138,0
DA:139,0
DA:144,0
DA:146,0
DA:149,0
DA:152,0
DA:155,0
DA:156,0
DA:159,0
DA:162,0
DA:168,0
DA:171,0
DA:173,0
DA:176,0
DA:180,0
DA:184,0
DA:190,0
DA:192,0
DA:194,0
DA:195,0
DA:197,0
DA:198,0
DA:202,0
DA:204,0
DA:206,0
DA:211,0
DA:214,0
DA:219,0
DA:222,0
DA:227,0
DA:230,0
DA:235,0
DA:239,0
DA:241,0
DA:243,0
DA:245,0
DA:247,0
DA:251,0
DA:255,0
DA:256,0
DA:259,0
DA:261,0
DA:263,0
DA:265,0
DA:268,0
DA:270,0
DA:272,0
DA:273,0
LF:75
LH:0
BRDA:115,0,0,0
BRDA:115,0,1,0
BRDA:115,1,0,0
BRDA:115,1,1,0
BRDA:162,2,0,0
BRDA:162,2,1,0
BRDA:163,3,0,0
BRDA:163,3,1,0
BRDA:163,3,2,0
BRDA:171,4,0,0
BRDA:171,4,1,0
BRDA:184,5,0,0
BRDA:184,5,1,0
BRDA:185,6,0,0
BRDA:185,6,1,0
BRDA:185,6,2,0
BRDA:204,7,0,0
BRDA:204,7,1,0
BRDA:206,8,0,0
BRDA:206,8,1,0
BRDA:207,9,0,0
BRDA:207,9,1,0
BRDA:207,9,2,0
BRDA:214,10,0,0
BRDA:214,10,1,0
BRDA:215,11,0,0
BRDA:215,11,1,0
BRDA:215,11,2,0
BRDA:222,12,0,0
BRDA:222,12,1,0
BRDA:223,13,0,0
BRDA:223,13,1,0
BRDA:223,13,2,0
BRDA:230,14,0,0
BRDA:230,14,1,0
BRDA:231,15,0,0
BRDA:231,15,1,0
BRDA:231,15,2,0
BRDA:241,16,0,0
BRDA:241,16,1,0
BRDA:243,17,0,0
BRDA:243,17,1,0
BRDA:256,18,0,0
BRDA:256,18,1,0
BRDA:4,19,0,0
BRDA:4,19,1,0
BRDA:11,20,0,0
BRDA:11,20,1,0
BRDA:16,21,0,0
BRDA:16,21,1,0
BRDA:49,22,0,0
BRDA:57,23,0,0
BRDA:57,23,1,0
BRDA:71,24,0,0
BRDA:71,24,1,0
BRDA:78,25,0,0
BRF:56
BRH:0
end_of_record
TN:
SF:src\components\minigames\FindcansGame.vue
FN:86,(anonymous_0)
FN:99,(anonymous_1)
FN:101,(anonymous_2)
FN:122,(anonymous_3)
FN:142,(anonymous_4)
FN:156,(anonymous_5)
FN:173,(anonymous_6)
FN:180,(anonymous_7)
FN:185,(anonymous_8)
FN:195,(anonymous_9)
FN:11,(anonymous_10)
FN:22,(anonymous_11)
FNF:12
FNH:0
FNDA:0,(anonymous_0)
FNDA:0,(anonymous_1)
FNDA:0,(anonymous_2)
FNDA:0,(anonymous_3)
FNDA:0,(anonymous_4)
FNDA:0,(anonymous_5)
FNDA:0,(anonymous_6)
FNDA:0,(anonymous_7)
FNDA:0,(anonymous_8)
FNDA:0,(anonymous_9)
FNDA:0,(anonymous_10)
FNDA:0,(anonymous_11)
DA:2,0
DA:7,0
DA:10,0
DA:11,0
DA:21,0
DA:42,0
DA:71,0
DA:73,0
DA:75,0
DA:76,0
DA:77,0
DA:78,0
DA:79,0
DA:81,0
DA:82,0
DA:83,0
DA:86,0
DA:88,0
DA:90,0
DA:99,0
DA:101,0
DA:103,0
DA:106,0
DA:108,0
DA:110,0
DA:112,0
DA:115,0
DA:117,0
DA:119,0
DA:120,0
DA:122,0
DA:124,0
DA:126,0
DA:127,0
DA:128,0
DA:133,0
DA:137,0
DA:142,0
DA:144,0
DA:146,0
DA:147,0
DA:150,0
DA:151,0
DA:156,0
DA:158,0
DA:160,0
DA:162,0
DA:164,0
DA:168,0
DA:170,0
DA:171,0
DA:173,0
DA:174,0
DA:180,0
DA:181,0
DA:185,0
DA:187,0
DA:189,0
DA:191,0
DA:195,0
DA:197,0
DA:199,0
DA:200,0
LF:63
LH:0
BRDA:88,0,0,0
BRDA:88,0,1,0
BRDA:106,1,0,0
BRDA:106,1,1,0
BRDA:106,2,0,0
BRDA:106,2,1,0
BRDA:110,3,0,0
BRDA:110,3,1,0
BRDA:115,4,0,0
BRDA:115,4,1,0
BRDA:144,5,0,0
BRDA:144,5,1,0
BRDA:146,6,0,0
BRDA:146,6,1,0
BRDA:146,7,0,0
BRDA:146,7,1,0
BRDA:150,8,0,0
BRDA:150,8,1,0
BRDA:150,9,0,0
BRDA:150,9,1,0
BRDA:158,10,0,0
BRDA:158,10,1,0
BRDA:160,11,0,0
BRDA:160,11,1,0
BRDA:3,12,0,0
BRDA:3,12,1,0
BRDA:35,13,0,0
BRDA:35,14,0,0
BRDA:35,14,1,0
BRDA:39,15,0,0
BRDA:39,15,1,0
BRDA:51,16,0,0
BRDA:51,16,1,0
BRDA:58,17,0,0
BRDA:58,18,0,0
BRDA:58,18,1,0
BRF:36
BRH:0
end_of_record
TN:
SF:src\composables\useAudio.js
FN:9,getAudioContext
FN:19,playTone
FN:39,playClick
FN:43,playDamage
FN:45,(anonymous_4)
FN:48,playVictory
FN:50,(anonymous_6)
FN:51,(anonymous_7)
FN:55,playGameOver
FN:57,(anonymous_9)
FN:58,(anonymous_10)
FN:62,playRandomEvent
FN:64,(anonymous_12)
FN:67,startMusic
FN:75,playAmbientNote
FN:102,stopMusic
FN:110,toggleMute
FN:117,useAudio
FNF:18
FNH:0
FNDA:0,getAudioContext
FNDA:0,playTone
FNDA:0,playClick
FNDA:0,playDamage
FNDA:0,(anonymous_4)
FNDA:0,playVictory
FNDA:0,(anonymous_6)
FNDA:0,(anonymous_7)
FNDA:0,playGameOver
FNDA:0,(anonymous_9)
FNDA:0,(anonymous_10)
FNDA:0,playRandomEvent
FNDA:0,(anonymous_12)
FNDA:0,startMusic
FNDA:0,playAmbientNote
FNDA:0,stopMusic
FNDA:0,toggleMute
FNDA:0,useAudio
DA:3,0
DA:4,0
DA:5,0
DA:6,0
DA:7,0
DA:10,0
DA:11,0
DA:13,0
DA:14,0
DA:16,0
DA:20,0
DA:22,0
DA:23,0
DA:24,0
DA:26,0
DA:27,0
DA:29,0
DA:30,0
DA:32,0
DA:33,0
DA:35,0
DA:36,0
DA:40,0
DA:44,0
DA:45,0
DA:49,0
DA:50,0
DA:51,0
DA:56,0
DA:57,0
DA:58,0
DA:63,0
DA:64,0
DA:68,0
DA:70,0
DA:71,0
DA:72,0
DA:73,0
DA:76,0
DA:78,0
DA:79,0
DA:80,0
DA:82,0
DA:83,0
DA:85,0
DA:86,0
DA:87,0
DA:89,0
DA:90,0
DA:92,0
DA:93,0
DA:95,0
DA:98,0
DA:99,0
DA:103,0
DA:104,0
DA:105,0
DA:106,0
DA:111,0
DA:112,0
DA:113,0
DA:118,0
LF:62
LH:0
BRDA:10,0,0,0
BRDA:10,0,1,0
BRDA:11,1,0,0
BRDA:11,1,1,0
BRDA:13,2,0,0
BRDA:13,2,1,0
BRDA:19,3,0,0
BRDA:19,4,0,0
BRDA:20,5,0,0
BRDA:20,5,1,0
BRDA:68,6,0,0
BRDA:68,6,1,0
BRDA:68,7,0,0
BRDA:68,7,1,0
BRDA:76,8,0,0
BRDA:76,8,1,0
BRDA:76,9,0,0
BRDA:76,9,1,0
BRDA:104,10,0,0
BRDA:104,10,1,0
BRDA:112,11,0,0
BRDA:112,11,1,0
BRF:22
BRH:0
end_of_record
TN:
SF:src\data\events.js
FNF:0
FNH:0
DA:1,1
DA:785,1
DA:836,1
LF:3
LH:3
BRF:0
BRH:0
end_of_record
TN:
SF:src\stores\gameStore.js
FN:4,clamp
FN:9,(anonymous_1)
FN:28,(anonymous_2)
FN:29,(anonymous_3)
FN:30,(anonymous_4)
FN:31,(anonymous_5)
FN:34,(anonymous_6)
FN:37,(anonymous_7)
FN:44,(anonymous_8)
FN:60,(anonymous_9)
FN:70,(anonymous_10)
FN:88,(anonymous_11)
FN:98,(anonymous_12)
FN:140,(anonymous_13)
FN:147,(anonymous_14)
FN:159,(anonymous_15)
FN:163,(anonymous_16)
FN:169,(anonymous_17)
FN:209,(anonymous_18)
FN:230,(anonymous_19)
FN:255,(anonymous_20)
FN:273,(anonymous_21)
FN:305,(anonymous_22)
FNF:23
FNH:16
FNDA:47,clamp
FNDA:19,(anonymous_1)
FNDA:9,(anonymous_2)
FNDA:9,(anonymous_3)
FNDA:9,(anonymous_4)
FNDA:10,(anonymous_5)
FNDA:6,(anonymous_6)
FNDA:0,(anonymous_7)
FNDA:7,(anonymous_8)
FNDA:3,(anonymous_9)
FNDA:23,(anonymous_10)
FNDA:0,(anonymous_11)
FNDA:3,(anonymous_12)
FNDA:3,(anonymous_13)
FNDA:4,(anonymous_14)
FNDA:4,(anonymous_15)
FNDA:0,(anonymous_16)
FNDA:4,(anonymous_17)
FNDA:9,(anonymous_18)
FNDA:0,(anonymous_19)
FNDA:0,(anonymous_20)
FNDA:0,(anonymous_21)
FNDA:0,(anonymous_22)
DA:5,47
DA:8,1
DA:9,19
DA:28,9
DA:29,9
DA:30,9
DA:32,10
DA:35,6
DA:38,0
DA:45,7
DA:46,7
DA:47,7
DA:48,7
DA:49,7
DA:50,7
DA:51,7
DA:52,7
DA:53,7
DA:54,7
DA:55,7
DA:56,7
DA:57,7
DA:61,3
DA:71,23
DA:73,23
DA:75,23
DA:76,7
DA:77,4
DA:78,4
DA:79,3
DA:80,3
DA:82,0
DA:83,0
DA:85,0
DA:88,0
DA:90,0
DA:91,0
DA:94,16
DA:99,3
DA:100,3
DA:102,3
DA:103,3
DA:105,3
DA:106,0
DA:107,0
DA:108,0
DA:109,0
DA:110,0
DA:112,3
DA:113,3
DA:114,3
DA:116,3
DA:119,3
DA:130,3
DA:132,3
DA:137,3
DA:141,3
DA:142,3
DA:143,3
DA:144,3
DA:148,4
DA:149,4
DA:150,4
DA:151,4
DA:152,0
DA:153,0
DA:156,4
DA:160,4
DA:161,4
DA:162,4
DA:163,0
DA:165,4
DA:166,0
DA:170,4
DA:171,0
DA:172,0
DA:175,4
DA:176,0
DA:177,0
DA:180,4
DA:182,4
DA:183,0
DA:184,0
DA:185,0
DA:188,4
DA:189,4
DA:190,0
DA:191,0
DA:192,0
DA:193,0
DA:194,0
DA:197,4
DA:199,4
DA:200,4
DA:201,4
DA:202,4
DA:203,4
DA:205,0
DA:210,9
DA:211,9
DA:213,9
DA:214,9
DA:216,9
DA:217,9
DA:219,9
DA:220,2
DA:222,9
DA:223,2
DA:225,9
DA:226,1
DA:231,0
DA:232,0
DA:236,0
DA:237,0
DA:238,0
DA:239,0
DA:242,0
DA:244,0
DA:245,0
DA:250,0
DA:251,0
DA:252,0
DA:256,0
DA:257,0
DA:259,0
DA:260,0
DA:261,0
DA:262,0
DA:265,0
DA:266,0
DA:267,0
DA:270,0
DA:274,0
DA:275,0
DA:277,0
DA:279,0
DA:286,0
DA:287,0
DA:289,0
DA:290,0
DA:291,0
DA:292,0
DA:295,0
DA:296,0
DA:297,0
DA:300,0
DA:306,0
LF:147
LH:81
BRDA:32,0,0,10
BRDA:32,0,1,9
BRDA:35,1,0,6
BRDA:35,1,1,2
BRDA:35,1,2,1
BRDA:71,2,0,0
BRDA:71,2,1,23
BRDA:75,3,0,7
BRDA:75,3,1,16
BRDA:76,4,0,4
BRDA:76,4,1,3
BRDA:79,5,0,3
BRDA:79,5,1,0
BRDA:82,6,0,0
BRDA:82,6,1,0
BRDA:87,7,0,0
BRDA:87,7,1,0
BRDA:105,8,0,0
BRDA:105,8,1,3
BRDA:107,9,0,0
BRDA:107,9,1,0
BRDA:109,10,0,0
BRDA:109,10,1,0
BRDA:113,11,0,3
BRDA:113,11,1,0
BRDA:125,12,0,0
BRDA:125,12,1,3
BRDA:126,13,0,0
BRDA:126,13,1,0
BRDA:141,14,0,2
BRDA:141,14,1,1
BRDA:142,15,0,0
BRDA:142,15,1,3
BRDA:143,16,0,1
BRDA:143,16,1,2
BRDA:144,17,0,3
BRDA:144,17,1,0
BRDA:148,18,0,0
BRDA:148,18,1,4
BRDA:149,19,0,0
BRDA:149,19,1,4
BRDA:149,20,0,4
BRDA:149,20,1,0
BRDA:150,21,0,0
BRDA:150,21,1,4
BRDA:150,22,0,4
BRDA:150,22,1,0
BRDA:151,23,0,0
BRDA:151,23,1,4
BRDA:153,24,0,0
BRDA:153,24,1,0
BRDA:161,25,0,0
BRDA:161,25,1,4
BRDA:162,26,0,0
BRDA:162,26,1,4
BRDA:163,27,0,0
BRDA:163,27,1,0
BRDA:165,28,0,4
BRDA:165,28,1,0
BRDA:170,29,0,0
BRDA:170,29,1,4
BRDA:170,30,0,4
BRDA:170,30,1,4
BRDA:171,31,0,0
BRDA:171,31,1,0
BRDA:175,32,0,0
BRDA:175,32,1,4
BRDA:182,33,0,0
BRDA:182,33,1,4
BRDA:183,34,0,0
BRDA:183,34,1,0
BRDA:189,35,0,0
BRDA:189,35,1,4
BRDA:199,36,0,4
BRDA:199,36,1,0
BRDA:219,37,0,2
BRDA:219,37,1,7
BRDA:222,38,0,2
BRDA:222,38,1,7
BRDA:225,39,0,1
BRDA:225,39,1,8
BRDA:225,40,0,9
BRDA:225,40,1,2
BRDA:231,41,0,0
BRDA:231,41,1,0
BRDA:240,42,0,0
BRDA:240,42,1,0
BRDA:259,43,0,0
BRDA:259,43,1,0
BRDA:260,44,0,0
BRDA:260,44,1,0
BRDA:265,45,0,0
BRDA:265,45,1,0
BRDA:275,46,0,0
BRDA:275,46,1,0
BRDA:289,47,0,0
BRDA:289,47,1,0
BRDA:290,48,0,0
BRDA:290,48,1,0
BRDA:295,49,0,0
BRDA:295,49,1,0
BRF:101
BRH:44
end_of_record
